This is e-pTeX, Version 3.1415926-p3.4-110825-2.6 (utf8.euc) (TeX Live 2013/Debian) (format=platex 2013.12.23)  10 FEB 2014 23:02
entering extended mode
 restricted \write18 enabled.
 %&-line parsing enabled.
**2nd_draft.tex
(./2nd_draft.tex
pLaTeX2e <2006/11/10> (based on LaTeX2e <2011/06/27> patch level 0)
Babel <3.9f> and hyphenation patterns for 78 languages loaded.

! LaTeX Error: File `ieicejsp.cls' not found.

Type X to quit or <RETURN> to proceed,
or enter new name. (Default extension: cls)

Enter file name: 
! Emergency stop.
<read *> 
         
l.2 \usepackage
               {newenum}^^M
End of file on the terminal!

 
Here is how much of TeX's memory you used:
 9 strings out of 494004
 111 string characters out of 6156167
 52941 words of memory out of 5000000
 3565 multiletter control sequences out of 15000+600000
 7519 words of font info for 31 fonts, out of 8000000 for 9000
 745 hyphenation exceptions out of 8191
 10i,0n,7p,60b,8s stack positions out of 5000i,500n,10000p,200000b,80000s
No pages of output.
